<?xml version="1.0" encoding="UTF-8"?>
<!-- Generated by org.testng.reporters.JUnitXMLReporter -->
<testsuite ignored="2" hostname="DESKTOP-FNFV15V" failures="0" tests="4" name="Test" time="0.675" errors="0" timestamp="2024-02-14T14:23:59 IST">
  <testcase classname="com.testngFeatures.GroupTest" name="f3" time="0.039"/>
  <testcase classname="com.testngFeatures.GroupTest" name="f4" time="0.012"/>
  <testcase classname="com.testngFeatures.GroupTest" name="f5" time="0.17"/>
  <testcase classname="com.testngFeatures.GroupTest" name="f6" time="0.017"/>
  <testcase classname="com.testngFeatures.GroupTest" name="f1" time="0.0">
    <ignored/>
  </testcase> <!-- f1 -->
  <testcase classname="com.testngFeatures.GroupTest" name="f2" time="0.0">
    <ignored/>
  </testcase> <!-- f2 -->
</testsuite> <!-- Test -->
