<?xml version="1.0" encoding="UTF-8"?>
<testng-results ignored="0" total="4" passed="4" failed="0" skipped="0">
  <reporter-output>
  </reporter-output>
  <suite started-at="2024-02-14T14:23:58 IST" name="Suite" finished-at="2024-02-14T14:23:59 IST" duration-ms="675">
    <groups>
      <group name="Cus">
        <method signature="GroupTest.f3()[pri:0, instance:com.testngFeatures.GroupTest@51e69659]" name="f3" class="com.testngFeatures.GroupTest"/>
        <method signature="GroupTest.f4()[pri:0, instance:com.testngFeatures.GroupTest@51e69659]" name="f4" class="com.testngFeatures.GroupTest"/>
      </group> <!-- Cus -->
      <group name="Admin">
        <method signature="GroupTest.f5()[pri:0, instance:com.testngFeatures.GroupTest@51e69659]" name="f5" class="com.testngFeatures.GroupTest"/>
        <method signature="GroupTest.f6()[pri:0, instance:com.testngFeatures.GroupTest@51e69659]" name="f6" class="com.testngFeatures.GroupTest"/>
      </group> <!-- Admin -->
    </groups>
    <test started-at="2024-02-14T14:23:58 IST" name="Test" finished-at="2024-02-14T14:23:59 IST" duration-ms="675">
      <class name="com.testngFeatures.GroupTest">
        <test-method signature="f3()[pri:0, instance:com.testngFeatures.GroupTest@51e69659]" started-at="2024-02-14T14:23:58 IST" name="f3" finished-at="2024-02-14T14:23:58 IST" duration-ms="39" status="PASS">
          <reporter-output>
          </reporter-output>
        </test-method> <!-- f3 -->
        <test-method signature="f4()[pri:0, instance:com.testngFeatures.GroupTest@51e69659]" started-at="2024-02-14T14:23:59 IST" name="f4" finished-at="2024-02-14T14:23:59 IST" duration-ms="12" status="PASS">
          <reporter-output>
          </reporter-output>
        </test-method> <!-- f4 -->
        <test-method signature="f5()[pri:0, instance:com.testngFeatures.GroupTest@51e69659]" started-at="2024-02-14T14:23:59 IST" name="f5" finished-at="2024-02-14T14:23:59 IST" duration-ms="170" status="PASS">
          <reporter-output>
          </reporter-output>
        </test-method> <!-- f5 -->
        <test-method signature="f6()[pri:0, instance:com.testngFeatures.GroupTest@51e69659]" started-at="2024-02-14T14:23:59 IST" name="f6" finished-at="2024-02-14T14:23:59 IST" duration-ms="17" status="PASS">
          <reporter-output>
          </reporter-output>
        </test-method> <!-- f6 -->
      </class> <!-- com.testngFeatures.GroupTest -->
    </test> <!-- Test -->
  </suite> <!-- Suite -->
</testng-results>
